[1104/132239.972:ERROR:process_reader_win.cc(151)] SuspendThread: Adgang nægtet. (0x5)
[1104/132239.974:ERROR:process_reader_win.cc(151)] SuspendThread: Adgang nægtet. (0x5)
[1104/132239.974:ERROR:process_reader_win.cc(151)] SuspendThread: Adgang nægtet. (0x5)
[1104/132239.973:ERROR:process_reader_win.cc(151)] SuspendThread: Adgang nægtet. (0x5)
[1104/132239.975:ERROR:process_reader_win.cc(151)] SuspendThread: Adgang nægtet. (0x5)
[1104/132239.975:ERROR:process_reader_win.cc(151)] SuspendThread: Adgang nægtet. (0x5)
[1104/132239.975:ERROR:process_reader_win.cc(151)] SuspendThread: Adgang nægtet. (0x5)
[1104/132239.975:ERROR:process_reader_win.cc(151)] SuspendThread: Adgang nægtet. (0x5)
[1104/132239.975:ERROR:process_reader_win.cc(151)] SuspendThread: Adgang nægtet. (0x5)
[1104/132239.974:ERROR:process_reader_win.cc(151)] SuspendThread: Adgang nægtet. (0x5)
[1104/132239.975:ERROR:process_reader_win.cc(151)] SuspendThread: Adgang nægtet. (0x5)
[1104/132239.975:ERROR:process_reader_win.cc(151)] SuspendThread: Adgang nægtet. (0x5)
[1104/132239.975:ERROR:process_reader_win.cc(151)] SuspendThread: Adgang nægtet. (0x5)
[1104/132239.975:ERROR:process_reader_win.cc(151)] SuspendThread: Adgang nægtet. (0x5)
[1104/132239.975:ERROR:process_reader_win.cc(151)] SuspendThread: Adgang nægtet. (0x5)
[1104/132239.975:ERROR:process_reader_win.cc(151)] SuspendThread: Adgang nægtet. (0x5)
[1104/132239.975:ERROR:process_reader_win.cc(151)] SuspendThread: Adgang nægtet. (0x5)
[1104/132239.975:ERROR:process_reader_win.cc(151)] SuspendThread: Adgang nægtet. (0x5)
[1104/132239.975:ERROR:process_reader_win.cc(151)] SuspendThread: Adgang nægtet. (0x5)
[1104/132239.975:ERROR:process_reader_win.cc(151)] SuspendThread: Adgang nægtet. (0x5)
[1104/132239.975:ERROR:process_reader_win.cc(151)] SuspendThread: Adgang nægtet. (0x5)
[1104/132239.975:ERROR:process_reader_win.cc(151)] SuspendThread: Adgang nægtet. (0x5)
[1104/132239.975:ERROR:process_reader_win.cc(151)] SuspendThread: Adgang nægtet. (0x5)
[1104/132239.975:ERROR:process_reader_win.cc(151)] SuspendThread: Adgang nægtet. (0x5)
[1104/132239.975:ERROR:process_reader_win.cc(151)] SuspendThread: Adgang nægtet. (0x5)
[1104/132239.975:ERROR:process_reader_win.cc(151)] SuspendThread: Adgang nægtet. (0x5)
[1104/132239.975:ERROR:process_reader_win.cc(151)] SuspendThread: Adgang nægtet. (0x5)
[1104/132239.975:ERROR:process_reader_win.cc(151)] SuspendThread: Adgang nægtet. (0x5)
[1104/132239.975:ERROR:process_reader_win.cc(151)] SuspendThread: Adgang nægtet. (0x5)
[1104/132239.975:ERROR:process_reader_win.cc(151)] SuspendThread: Adgang nægtet. (0x5)
[1104/132239.975:ERROR:process_reader_win.cc(151)] SuspendThread: Adgang nægtet. (0x5)
[1104/132239.975:ERROR:process_reader_win.cc(151)] SuspendThread: Adgang nægtet. (0x5)
[1104/132239.975:ERROR:process_reader_win.cc(151)] SuspendThread: Adgang nægtet. (0x5)
[1104/132239.975:ERROR:process_reader_win.cc(151)] SuspendThread: Adgang nægtet. (0x5)
[1104/132239.975:ERROR:process_reader_win.cc(123)] NtOpenThread: {Adgang nægtet} En proces har anmodet om adgang til et objekt, men har ikke fået disse rettigheder. (0xc0000022)
[1104/132239.975:ERROR:process_reader_win.cc(151)] SuspendThread: Adgang nægtet. (0x5)
[1104/132239.975:ERROR:exception_snapshot_win.cc(99)] thread ID 7160 not found in process
[1104/132239.975:ERROR:process_reader_win.cc(151)] SuspendThread: Adgang nægtet. (0x5)
[1104/132239.976:ERROR:process_reader_win.cc(151)] SuspendThread: Adgang nægtet. (0x5)
[1104/132239.976:ERROR:process_reader_win.cc(151)] SuspendThread: Adgang nægtet. (0x5)
[1104/132239.976:ERROR:process_reader_win.cc(151)] SuspendThread: Adgang nægtet. (0x5)
[1104/132239.976:ERROR:process_reader_win.cc(151)] SuspendThread: Adgang nægtet. (0x5)
[1104/132239.976:ERROR:process_reader_win.cc(151)] SuspendThread: Adgang nægtet. (0x5)
[1104/132239.976:ERROR:process_reader_win.cc(151)] SuspendThread: Adgang nægtet. (0x5)
[1104/132239.976:ERROR:process_reader_win.cc(151)] SuspendThread: Adgang nægtet. (0x5)
[1104/132239.976:ERROR:process_reader_win.cc(151)] SuspendThread: Adgang nægtet. (0x5)
[1104/132239.976:ERROR:process_reader_win.cc(151)] SuspendThread: Adgang nægtet. (0x5)
[1104/132239.976:ERROR:process_reader_win.cc(151)] SuspendThread: Adgang nægtet. (0x5)
[1104/132239.976:ERROR:process_reader_win.cc(151)] SuspendThread: Adgang nægtet. (0x5)
[1104/132239.976:ERROR:process_reader_win.cc(151)] SuspendThread: Adgang nægtet. (0x5)
[1104/132239.976:ERROR:process_reader_win.cc(151)] SuspendThread: Adgang nægtet. (0x5)
[1104/132239.976:ERROR:process_reader_win.cc(151)] SuspendThread: Adgang nægtet. (0x5)
[1104/132239.976:ERROR:process_reader_win.cc(151)] SuspendThread: Adgang nægtet. (0x5)
[1104/132239.976:ERROR:process_reader_win.cc(151)] SuspendThread: Adgang nægtet. (0x5)
[1104/132239.976:ERROR:process_reader_win.cc(151)] SuspendThread: Adgang nægtet. (0x5)
[1104/132239.976:ERROR:process_reader_win.cc(151)] SuspendThread: Adgang nægtet. (0x5)
[1104/132239.976:ERROR:process_reader_win.cc(151)] SuspendThread: Adgang nægtet. (0x5)
[1104/132239.976:ERROR:process_reader_win.cc(151)] SuspendThread: Adgang nægtet. (0x5)
[1104/132239.976:ERROR:process_reader_win.cc(151)] SuspendThread: Adgang nægtet. (0x5)
[1104/132239.976:ERROR:process_reader_win.cc(151)] SuspendThread: Adgang nægtet. (0x5)
[1104/132239.976:ERROR:process_reader_win.cc(151)] SuspendThread: Adgang nægtet. (0x5)
[1104/132239.976:ERROR:process_reader_win.cc(151)] SuspendThread: Adgang nægtet. (0x5)
[1104/132239.976:ERROR:process_reader_win.cc(123)] NtOpenThread: {Adgang nægtet} En proces har anmodet om adgang til et objekt, men har ikke fået disse rettigheder. (0xc0000022)
[1104/132239.976:ERROR:exception_snapshot_win.cc(99)] thread ID 1328 not found in process
[1104/132239.976:ERROR:process_reader_win.cc(123)] NtOpenThread: {Adgang nægtet} En proces har anmodet om adgang til et objekt, men har ikke fået disse rettigheder. (0xc0000022)
[1104/132239.989:ERROR:exception_snapshot_win.cc(99)] thread ID 11592 not found in process
[1104/132240.007:ERROR:process_reader_win.cc(151)] SuspendThread: Adgang nægtet. (0x5)
[1104/132240.007:ERROR:process_reader_win.cc(123)] NtOpenThread: {Adgang nægtet} En proces har anmodet om adgang til et objekt, men har ikke fået disse rettigheder. (0xc0000022)
[1104/132240.007:ERROR:exception_snapshot_win.cc(99)] thread ID 15032 not found in process
[1104/132240.016:ERROR:process_reader_win.cc(151)] SuspendThread: Adgang nægtet. (0x5)
[1104/132240.016:ERROR:process_reader_win.cc(123)] NtOpenThread: {Adgang nægtet} En proces har anmodet om adgang til et objekt, men har ikke fået disse rettigheder. (0xc0000022)
[1104/132240.016:ERROR:exception_snapshot_win.cc(99)] thread ID 10168 not found in process
[1104/132240.017:ERROR:process_reader_win.cc(151)] SuspendThread: Adgang nægtet. (0x5)
[1104/132240.017:ERROR:process_reader_win.cc(151)] SuspendThread: Adgang nægtet. (0x5)
[1104/132240.017:ERROR:process_reader_win.cc(123)] NtOpenThread: {Adgang nægtet} En proces har anmodet om adgang til et objekt, men har ikke fået disse rettigheder. (0xc0000022)
[1104/132240.017:ERROR:exception_snapshot_win.cc(99)] thread ID 14612 not found in process
[1104/132240.017:ERROR:process_reader_win.cc(151)] SuspendThread: Adgang nægtet. (0x5)
[1104/132240.017:ERROR:process_reader_win.cc(123)] NtOpenThread: {Adgang nægtet} En proces har anmodet om adgang til et objekt, men har ikke fået disse rettigheder. (0xc0000022)
[1104/132240.018:ERROR:exception_snapshot_win.cc(99)] thread ID 11768 not found in process
[1104/132509.226:ERROR:process_reader_win.cc(123)] NtOpenThread: {Adgang nægtet} En proces har anmodet om adgang til et objekt, men har ikke fået disse rettigheder. (0xc0000022)
[1104/132509.228:ERROR:exception_snapshot_win.cc(99)] thread ID 13540 not found in process
[1104/132509.253:ERROR:process_reader_win.cc(123)] NtOpenThread: {Adgang nægtet} En proces har anmodet om adgang til et objekt, men har ikke fået disse rettigheder. (0xc0000022)
[1104/132509.254:ERROR:exception_snapshot_win.cc(99)] thread ID 12068 not found in process
[1104/132649.760:ERROR:process_reader_win.cc(123)] NtOpenThread: {Adgang nægtet} En proces har anmodet om adgang til et objekt, men har ikke fået disse rettigheder. (0xc0000022)
[1104/132649.762:ERROR:exception_snapshot_win.cc(99)] thread ID 13456 not found in process
[1104/132649.789:ERROR:process_reader_win.cc(123)] NtOpenThread: {Adgang nægtet} En proces har anmodet om adgang til et objekt, men har ikke fået disse rettigheder. (0xc0000022)
[1104/132649.789:ERROR:exception_snapshot_win.cc(99)] thread ID 9952 not found in process
[1104/132846.810:ERROR:process_reader_win.cc(123)] NtOpenThread: {Adgang nægtet} En proces har anmodet om adgang til et objekt, men har ikke fået disse rettigheder. (0xc0000022)
[1104/132846.812:ERROR:exception_snapshot_win.cc(99)] thread ID 4908 not found in process
[1104/132846.839:ERROR:process_reader_win.cc(123)] NtOpenThread: {Adgang nægtet} En proces har anmodet om adgang til et objekt, men har ikke fået disse rettigheder. (0xc0000022)
[1104/132846.840:ERROR:exception_snapshot_win.cc(99)] thread ID 10908 not found in process
[1104/133149.669:ERROR:process_reader_win.cc(123)] NtOpenThread: {Adgang nægtet} En proces har anmodet om adgang til et objekt, men har ikke fået disse rettigheder. (0xc0000022)
[1104/133149.671:ERROR:exception_snapshot_win.cc(99)] thread ID 14744 not found in process
[1104/133149.693:ERROR:process_reader_win.cc(123)] NtOpenThread: {Adgang nægtet} En proces har anmodet om adgang til et objekt, men har ikke fået disse rettigheder. (0xc0000022)
[1104/133149.694:ERROR:exception_snapshot_win.cc(99)] thread ID 9076 not found in process
[1104/133213.430:ERROR:process_reader_win.cc(151)] SuspendThread: Adgang nægtet. (0x5)
[1104/133213.431:ERROR:process_reader_win.cc(151)] SuspendThread: Adgang nægtet. (0x5)
[1104/133213.431:ERROR:process_reader_win.cc(123)] NtOpenThread: {Adgang nægtet} En proces har anmodet om adgang til et objekt, men har ikke fået disse rettigheder. (0xc0000022)
[1104/133213.431:ERROR:exception_snapshot_win.cc(99)] thread ID 10376 not found in process
[1104/133213.462:ERROR:process_reader_win.cc(123)] NtOpenThread: {Adgang nægtet} En proces har anmodet om adgang til et objekt, men har ikke fået disse rettigheder. (0xc0000022)
[1104/133213.462:ERROR:exception_snapshot_win.cc(99)] thread ID 11288 not found in process
[1104/133633.013:ERROR:process_reader_win.cc(123)] NtOpenThread: Der blev angivet et ugyldigt klient-id. (0xc000000b)
[1104/133633.015:ERROR:process_reader_win.cc(151)] SuspendThread: Adgang nægtet. (0x5)
[1104/133633.016:ERROR:process_reader_win.cc(151)] SuspendThread: Adgang nægtet. (0x5)
[1104/133633.016:ERROR:process_reader_win.cc(123)] NtOpenThread: {Adgang nægtet} En proces har anmodet om adgang til et objekt, men har ikke fået disse rettigheder. (0xc0000022)
[1104/133633.016:ERROR:exception_snapshot_win.cc(99)] thread ID 7388 not found in process
[1104/133633.024:ERROR:process_reader_win.cc(151)] SuspendThread: Adgang nægtet. (0x5)
[1104/133633.027:ERROR:process_reader_win.cc(151)] SuspendThread: Adgang nægtet. (0x5)
[1104/133633.027:ERROR:process_reader_win.cc(151)] SuspendThread: Adgang nægtet. (0x5)
[1104/133633.027:ERROR:process_reader_win.cc(151)] SuspendThread: Adgang nægtet. (0x5)
[1104/133633.027:ERROR:process_reader_win.cc(151)] SuspendThread: Adgang nægtet. (0x5)
[1104/133633.027:ERROR:process_reader_win.cc(123)] NtOpenThread: {Adgang nægtet} En proces har anmodet om adgang til et objekt, men har ikke fået disse rettigheder. (0xc0000022)
[1104/133633.036:ERROR:exception_snapshot_win.cc(99)] thread ID 6828 not found in process
[1104/133633.063:ERROR:process_reader_win.cc(151)] SuspendThread: Adgang nægtet. (0x5)
[1104/133633.063:ERROR:process_reader_win.cc(123)] NtOpenThread: {Adgang nægtet} En proces har anmodet om adgang til et objekt, men har ikke fået disse rettigheder. (0xc0000022)
[1104/133633.063:ERROR:exception_snapshot_win.cc(99)] thread ID 2788 not found in process
[1104/133633.080:ERROR:process_reader_win.cc(151)] SuspendThread: Adgang nægtet. (0x5)
[1104/133633.080:ERROR:process_reader_win.cc(151)] SuspendThread: Adgang nægtet. (0x5)
[1104/133633.080:ERROR:process_reader_win.cc(151)] SuspendThread: Adgang nægtet. (0x5)
[1104/133633.080:ERROR:process_reader_win.cc(151)] SuspendThread: Adgang nægtet. (0x5)
[1104/133633.081:ERROR:process_reader_win.cc(151)] SuspendThread: Adgang nægtet. (0x5)
[1104/133633.081:ERROR:process_reader_win.cc(151)] SuspendThread: Adgang nægtet. (0x5)
[1104/133633.081:ERROR:process_reader_win.cc(123)] NtOpenThread: {Adgang nægtet} En proces har anmodet om adgang til et objekt, men har ikke fået disse rettigheder. (0xc0000022)
[1104/133633.081:ERROR:exception_snapshot_win.cc(99)] thread ID 13632 not found in process
[1104/134430.148:ERROR:process_reader_win.cc(151)] SuspendThread: Adgang nægtet. (0x5)
[1104/134430.150:ERROR:process_reader_win.cc(151)] SuspendThread: Adgang nægtet. (0x5)
[1104/134430.150:ERROR:process_reader_win.cc(151)] SuspendThread: Adgang nægtet. (0x5)
[1104/134430.151:ERROR:process_reader_win.cc(151)] SuspendThread: Adgang nægtet. (0x5)
[1104/134430.151:ERROR:process_reader_win.cc(151)] SuspendThread: Adgang nægtet. (0x5)
[1104/134430.151:ERROR:process_reader_win.cc(123)] NtOpenThread: {Adgang nægtet} En proces har anmodet om adgang til et objekt, men har ikke fået disse rettigheder. (0xc0000022)
[1104/134430.155:ERROR:exception_snapshot_win.cc(99)] thread ID 7248 not found in process
[1104/134430.153:ERROR:process_reader_win.cc(151)] SuspendThread: Adgang nægtet. (0x5)
[1104/134430.156:ERROR:process_reader_win.cc(151)] SuspendThread: Adgang nægtet. (0x5)
[1104/134430.156:ERROR:process_reader_win.cc(151)] SuspendThread: Adgang nægtet. (0x5)
[1104/134430.156:ERROR:process_reader_win.cc(151)] SuspendThread: Adgang nægtet. (0x5)
[1104/134430.156:ERROR:process_reader_win.cc(123)] NtOpenThread: {Adgang nægtet} En proces har anmodet om adgang til et objekt, men har ikke fået disse rettigheder. (0xc0000022)
[1104/134430.162:ERROR:exception_snapshot_win.cc(99)] thread ID 10012 not found in process
[1104/134430.169:ERROR:process_reader_win.cc(123)] NtOpenThread: {Adgang nægtet} En proces har anmodet om adgang til et objekt, men har ikke fået disse rettigheder. (0xc0000022)
[1104/134430.169:ERROR:exception_snapshot_win.cc(99)] thread ID 11112 not found in process
[1104/134430.172:ERROR:process_reader_win.cc(123)] NtOpenThread: {Adgang nægtet} En proces har anmodet om adgang til et objekt, men har ikke fået disse rettigheder. (0xc0000022)
[1104/134430.173:ERROR:exception_snapshot_win.cc(99)] thread ID 7104 not found in process
[1104/134642.114:ERROR:process_reader_win.cc(123)] NtOpenThread: {Adgang nægtet} En proces har anmodet om adgang til et objekt, men har ikke fået disse rettigheder. (0xc0000022)
[1104/134642.117:ERROR:exception_snapshot_win.cc(99)] thread ID 5332 not found in process
[1104/134642.141:ERROR:process_reader_win.cc(123)] NtOpenThread: {Adgang nægtet} En proces har anmodet om adgang til et objekt, men har ikke fået disse rettigheder. (0xc0000022)
[1104/134642.141:ERROR:exception_snapshot_win.cc(99)] thread ID 14148 not found in process
[1104/134715.449:ERROR:process_reader_win.cc(123)] NtOpenThread: {Adgang nægtet} En proces har anmodet om adgang til et objekt, men har ikke fået disse rettigheder. (0xc0000022)
[1104/134715.451:ERROR:exception_snapshot_win.cc(99)] thread ID 13128 not found in process
[1104/134715.471:ERROR:process_reader_win.cc(123)] NtOpenThread: {Adgang nægtet} En proces har anmodet om adgang til et objekt, men har ikke fået disse rettigheder. (0xc0000022)
[1104/134715.471:ERROR:exception_snapshot_win.cc(99)] thread ID 9584 not found in process
[1104/135247.575:ERROR:process_reader_win.cc(151)] SuspendThread: Adgang nægtet. (0x5)
[1104/135247.577:ERROR:process_reader_win.cc(123)] NtOpenThread: {Adgang nægtet} En proces har anmodet om adgang til et objekt, men har ikke fået disse rettigheder. (0xc0000022)
[1104/135247.581:ERROR:exception_snapshot_win.cc(99)] thread ID 13592 not found in process
[1104/135247.581:ERROR:process_reader_win.cc(151)] SuspendThread: Adgang nægtet. (0x5)
[1104/135247.582:ERROR:process_reader_win.cc(123)] NtOpenThread: {Adgang nægtet} En proces har anmodet om adgang til et objekt, men har ikke fået disse rettigheder. (0xc0000022)
[1104/135247.582:ERROR:exception_snapshot_win.cc(99)] thread ID 9924 not found in process
[1104/135247.605:ERROR:process_reader_win.cc(151)] SuspendThread: Adgang nægtet. (0x5)
[1104/135247.605:ERROR:process_reader_win.cc(151)] SuspendThread: Adgang nægtet. (0x5)
[1104/135247.606:ERROR:process_reader_win.cc(151)] SuspendThread: Adgang nægtet. (0x5)
[1104/135247.606:ERROR:process_reader_win.cc(151)] SuspendThread: Adgang nægtet. (0x5)
[1104/135247.606:ERROR:process_reader_win.cc(123)] NtOpenThread: {Adgang nægtet} En proces har anmodet om adgang til et objekt, men har ikke fået disse rettigheder. (0xc0000022)
[1104/135247.606:ERROR:exception_snapshot_win.cc(99)] thread ID 10244 not found in process
[1104/135247.639:ERROR:process_reader_win.cc(151)] SuspendThread: Adgang nægtet. (0x5)
[1104/135247.639:ERROR:process_reader_win.cc(151)] SuspendThread: Adgang nægtet. (0x5)
[1104/135247.639:ERROR:process_reader_win.cc(151)] SuspendThread: Adgang nægtet. (0x5)
[1104/135247.639:ERROR:process_reader_win.cc(123)] NtOpenThread: {Adgang nægtet} En proces har anmodet om adgang til et objekt, men har ikke fået disse rettigheder. (0xc0000022)
[1104/135247.639:ERROR:exception_snapshot_win.cc(99)] thread ID 11308 not found in process
[1104/135617.419:ERROR:process_reader_win.cc(151)] SuspendThread: Adgang nægtet. (0x5)
[1104/135617.420:ERROR:process_reader_win.cc(151)] SuspendThread: Adgang nægtet. (0x5)
[1104/135617.420:ERROR:process_reader_win.cc(151)] SuspendThread: Adgang nægtet. (0x5)
[1104/135617.420:ERROR:process_reader_win.cc(151)] SuspendThread: Adgang nægtet. (0x5)
[1104/135617.420:ERROR:process_reader_win.cc(151)] SuspendThread: Adgang nægtet. (0x5)
[1104/135617.420:ERROR:process_reader_win.cc(151)] SuspendThread: Adgang nægtet. (0x5)
[1104/135617.421:ERROR:process_reader_win.cc(151)] SuspendThread: Adgang nægtet. (0x5)
[1104/135617.421:ERROR:process_reader_win.cc(151)] SuspendThread: Adgang nægtet. (0x5)
[1104/135617.421:ERROR:process_reader_win.cc(151)] SuspendThread: Adgang nægtet. (0x5)
[1104/135617.421:ERROR:process_reader_win.cc(151)] SuspendThread: Adgang nægtet. (0x5)
[1104/135617.421:ERROR:process_reader_win.cc(151)] SuspendThread: Adgang nægtet. (0x5)
[1104/135617.421:ERROR:process_reader_win.cc(123)] NtOpenThread: {Adgang nægtet} En proces har anmodet om adgang til et objekt, men har ikke fået disse rettigheder. (0xc0000022)
[1104/135617.421:ERROR:exception_snapshot_win.cc(99)] thread ID 4048 not found in process
[1104/135617.454:ERROR:process_reader_win.cc(151)] SuspendThread: Adgang nægtet. (0x5)
[1104/135617.454:ERROR:process_reader_win.cc(151)] SuspendThread: Adgang nægtet. (0x5)
[1104/135617.454:ERROR:process_reader_win.cc(151)] SuspendThread: Adgang nægtet. (0x5)
[1104/135617.454:ERROR:process_reader_win.cc(151)] SuspendThread: Adgang nægtet. (0x5)
[1104/135617.454:ERROR:process_reader_win.cc(151)] SuspendThread: Adgang nægtet. (0x5)
[1104/135617.454:ERROR:process_reader_win.cc(151)] SuspendThread: Adgang nægtet. (0x5)
[1104/135617.454:ERROR:process_reader_win.cc(123)] NtOpenThread: {Adgang nægtet} En proces har anmodet om adgang til et objekt, men har ikke fået disse rettigheder. (0xc0000022)
[1104/135617.454:ERROR:exception_snapshot_win.cc(99)] thread ID 14864 not found in process
[1104/135728.385:ERROR:process_reader_win.cc(123)] NtOpenThread: {Adgang nægtet} En proces har anmodet om adgang til et objekt, men har ikke fået disse rettigheder. (0xc0000022)
[1104/135728.387:ERROR:exception_snapshot_win.cc(99)] thread ID 10760 not found in process
[1104/135728.412:ERROR:process_reader_win.cc(123)] NtOpenThread: {Adgang nægtet} En proces har anmodet om adgang til et objekt, men har ikke fået disse rettigheder. (0xc0000022)
[1104/135728.412:ERROR:exception_snapshot_win.cc(99)] thread ID 11564 not found in process
[1104/141028.380:ERROR:process_reader_win.cc(123)] NtOpenThread: {Adgang nægtet} En proces har anmodet om adgang til et objekt, men har ikke fået disse rettigheder. (0xc0000022)
[1104/141028.380:ERROR:exception_snapshot_win.cc(99)] thread ID 3532 not found in process
[1104/141028.380:ERROR:process_reader_win.cc(123)] NtOpenThread: {Adgang nægtet} En proces har anmodet om adgang til et objekt, men har ikke fået disse rettigheder. (0xc0000022)
[1104/141028.380:ERROR:exception_snapshot_win.cc(99)] thread ID 9488 not found in process
[1104/141416.559:ERROR:process_reader_win.cc(123)] NtOpenThread: {Adgang nægtet} En proces har anmodet om adgang til et objekt, men har ikke fået disse rettigheder. (0xc0000022)
[1104/141416.559:ERROR:exception_snapshot_win.cc(99)] thread ID 13784 not found in process
[1104/141416.575:ERROR:process_reader_win.cc(123)] NtOpenThread: {Adgang nægtet} En proces har anmodet om adgang til et objekt, men har ikke fået disse rettigheder. (0xc0000022)
[1104/141416.575:ERROR:exception_snapshot_win.cc(99)] thread ID 7300 not found in process
[1104/141858.532:ERROR:process_reader_win.cc(123)] NtOpenThread: {Adgang nægtet} En proces har anmodet om adgang til et objekt, men har ikke fået disse rettigheder. (0xc0000022)
[1104/141858.532:ERROR:exception_snapshot_win.cc(99)] thread ID 15264 not found in process
[1104/141858.548:ERROR:process_reader_win.cc(123)] NtOpenThread: {Adgang nægtet} En proces har anmodet om adgang til et objekt, men har ikke fået disse rettigheder. (0xc0000022)
[1104/141858.548:ERROR:exception_snapshot_win.cc(99)] thread ID 12800 not found in process
[1104/142901.299:ERROR:directory_reader_win.cc(43)] FindFirstFile: Den angivne sti blev ikke fundet. (0x3)
[1104/142934.023:ERROR:directory_reader_win.cc(43)] FindFirstFile: Den angivne sti blev ikke fundet. (0x3)
[1104/143042.801:ERROR:process_reader_win.cc(151)] SuspendThread: Adgang nægtet. (0x5)
[1104/143042.817:ERROR:process_reader_win.cc(123)] NtOpenThread: {Adgang nægtet} En proces har anmodet om adgang til et objekt, men har ikke fået disse rettigheder. (0xc0000022)
[1104/143042.817:ERROR:exception_snapshot_win.cc(99)] thread ID 1800 not found in process
[1104/143042.817:ERROR:process_reader_win.cc(151)] SuspendThread: Adgang nægtet. (0x5)
[1104/143042.817:ERROR:process_reader_win.cc(123)] NtOpenThread: {Adgang nægtet} En proces har anmodet om adgang til et objekt, men har ikke fået disse rettigheder. (0xc0000022)
[1104/143042.817:ERROR:exception_snapshot_win.cc(99)] thread ID 8408 not found in process
[1104/143042.832:ERROR:process_reader_win.cc(123)] NtOpenThread: {Adgang nægtet} En proces har anmodet om adgang til et objekt, men har ikke fået disse rettigheder. (0xc0000022)
[1104/143042.832:ERROR:exception_snapshot_win.cc(99)] thread ID 3588 not found in process
[1104/143042.832:ERROR:process_reader_win.cc(123)] NtOpenThread: {Adgang nægtet} En proces har anmodet om adgang til et objekt, men har ikke fået disse rettigheder. (0xc0000022)
[1104/143042.832:ERROR:exception_snapshot_win.cc(99)] thread ID 10728 not found in process
[1104/143310.077:ERROR:process_reader_win.cc(123)] NtOpenThread: {Adgang nægtet} En proces har anmodet om adgang til et objekt, men har ikke fået disse rettigheder. (0xc0000022)
[1104/143310.077:ERROR:exception_snapshot_win.cc(99)] thread ID 13256 not found in process
[1104/143310.093:ERROR:process_reader_win.cc(123)] NtOpenThread: {Adgang nægtet} En proces har anmodet om adgang til et objekt, men har ikke fået disse rettigheder. (0xc0000022)
[1104/143310.093:ERROR:exception_snapshot_win.cc(99)] thread ID 5128 not found in process
[1104/143406.067:ERROR:process_reader_win.cc(123)] NtOpenThread: {Adgang nægtet} En proces har anmodet om adgang til et objekt, men har ikke fået disse rettigheder. (0xc0000022)
[1104/143406.067:ERROR:exception_snapshot_win.cc(99)] thread ID 13888 not found in process
[1104/143406.083:ERROR:process_reader_win.cc(123)] NtOpenThread: {Adgang nægtet} En proces har anmodet om adgang til et objekt, men har ikke fået disse rettigheder. (0xc0000022)
[1104/143406.083:ERROR:exception_snapshot_win.cc(99)] thread ID 10292 not found in process
[1104/143530.016:ERROR:process_reader_win.cc(151)] SuspendThread: Adgang nægtet. (0x5)
[1104/143530.016:ERROR:process_reader_win.cc(151)] SuspendThread: Adgang nægtet. (0x5)
[1104/143530.016:ERROR:process_reader_win.cc(151)] SuspendThread: Adgang nægtet. (0x5)
[1104/143530.016:ERROR:process_reader_win.cc(151)] SuspendThread: Adgang nægtet. (0x5)
[1104/143530.016:ERROR:process_reader_win.cc(123)] NtOpenThread: {Adgang nægtet} En proces har anmodet om adgang til et objekt, men har ikke fået disse rettigheder. (0xc0000022)
[1104/143530.016:ERROR:exception_snapshot_win.cc(99)] thread ID 13192 not found in process
[1104/143530.016:ERROR:process_reader_win.cc(123)] NtOpenThread: {Adgang nægtet} En proces har anmodet om adgang til et objekt, men har ikke fået disse rettigheder. (0xc0000022)
[1104/143530.016:ERROR:exception_snapshot_win.cc(99)] thread ID 3756 not found in process
[1104/143530.032:ERROR:process_reader_win.cc(123)] NtOpenThread: {Adgang nægtet} En proces har anmodet om adgang til et objekt, men har ikke fået disse rettigheder. (0xc0000022)
[1104/143530.032:ERROR:exception_snapshot_win.cc(99)] thread ID 4600 not found in process
[1104/143530.032:ERROR:process_reader_win.cc(123)] NtOpenThread: {Adgang nægtet} En proces har anmodet om adgang til et objekt, men har ikke fået disse rettigheder. (0xc0000022)
[1104/143530.032:ERROR:exception_snapshot_win.cc(99)] thread ID 14692 not found in process
[1104/143602.475:ERROR:process_reader_win.cc(123)] NtOpenThread: {Adgang nægtet} En proces har anmodet om adgang til et objekt, men har ikke fået disse rettigheder. (0xc0000022)
[1104/143602.475:ERROR:exception_snapshot_win.cc(99)] thread ID 7920 not found in process
[1104/143602.491:ERROR:process_reader_win.cc(123)] NtOpenThread: {Adgang nægtet} En proces har anmodet om adgang til et objekt, men har ikke fået disse rettigheder. (0xc0000022)
[1104/143602.491:ERROR:exception_snapshot_win.cc(99)] thread ID 1172 not found in process
[1104/143647.557:ERROR:process_reader_win.cc(123)] NtOpenThread: {Adgang nægtet} En proces har anmodet om adgang til et objekt, men har ikke fået disse rettigheder. (0xc0000022)
[1104/143647.557:ERROR:exception_snapshot_win.cc(99)] thread ID 4308 not found in process
[1104/143647.557:ERROR:process_reader_win.cc(123)] NtOpenThread: {Adgang nægtet} En proces har anmodet om adgang til et objekt, men har ikke fået disse rettigheder. (0xc0000022)
[1104/143647.557:ERROR:exception_snapshot_win.cc(99)] thread ID 3268 not found in process
[1104/143647.572:ERROR:process_reader_win.cc(123)] NtOpenThread: {Adgang nægtet} En proces har anmodet om adgang til et objekt, men har ikke fået disse rettigheder. (0xc0000022)
[1104/143647.572:ERROR:exception_snapshot_win.cc(99)] thread ID 9464 not found in process
[1104/143938.877:ERROR:process_reader_win.cc(123)] NtOpenThread: {Adgang nægtet} En proces har anmodet om adgang til et objekt, men har ikke fået disse rettigheder. (0xc0000022)
[1104/143938.877:ERROR:exception_snapshot_win.cc(99)] thread ID 13860 not found in process
[1104/143938.877:ERROR:process_reader_win.cc(123)] NtOpenThread: {Adgang nægtet} En proces har anmodet om adgang til et objekt, men har ikke fået disse rettigheder. (0xc0000022)
[1104/143938.877:ERROR:exception_snapshot_win.cc(99)] thread ID 420 not found in process
[1104/143938.908:ERROR:process_reader_win.cc(123)] NtOpenThread: {Adgang nægtet} En proces har anmodet om adgang til et objekt, men har ikke fået disse rettigheder. (0xc0000022)
[1104/143938.908:ERROR:exception_snapshot_win.cc(99)] thread ID 2252 not found in process
[1104/143938.908:ERROR:process_reader_win.cc(123)] NtOpenThread: {Adgang nægtet} En proces har anmodet om adgang til et objekt, men har ikke fået disse rettigheder. (0xc0000022)
[1104/143938.908:ERROR:exception_snapshot_win.cc(99)] thread ID 11272 not found in process
[1104/144021.043:ERROR:process_reader_win.cc(123)] NtOpenThread: {Adgang nægtet} En proces har anmodet om adgang til et objekt, men har ikke fået disse rettigheder. (0xc0000022)
[1104/144021.043:ERROR:exception_snapshot_win.cc(99)] thread ID 12516 not found in process
[1104/144021.074:ERROR:process_reader_win.cc(123)] NtOpenThread: {Adgang nægtet} En proces har anmodet om adgang til et objekt, men har ikke fået disse rettigheder. (0xc0000022)
[1104/144021.074:ERROR:exception_snapshot_win.cc(99)] thread ID 15300 not found in process
[1104/144441.475:ERROR:process_reader_win.cc(151)] SuspendThread: Adgang nægtet. (0x5)
[1104/144441.476:ERROR:process_reader_win.cc(151)] SuspendThread: Adgang nægtet. (0x5)
[1104/144441.476:ERROR:process_reader_win.cc(123)] NtOpenThread: {Adgang nægtet} En proces har anmodet om adgang til et objekt, men har ikke fået disse rettigheder. (0xc0000022)
[1104/144441.477:ERROR:exception_snapshot_win.cc(99)] thread ID 3548 not found in process
[1104/144441.516:ERROR:process_reader_win.cc(123)] NtOpenThread: {Adgang nægtet} En proces har anmodet om adgang til et objekt, men har ikke fået disse rettigheder. (0xc0000022)
[1104/144441.516:ERROR:exception_snapshot_win.cc(99)] thread ID 11360 not found in process
[1104/144510.202:ERROR:process_reader_win.cc(151)] SuspendThread: Adgang nægtet. (0x5)
[1104/144510.203:ERROR:process_reader_win.cc(151)] SuspendThread: Adgang nægtet. (0x5)
[1104/144510.203:ERROR:process_reader_win.cc(123)] NtOpenThread: {Adgang nægtet} En proces har anmodet om adgang til et objekt, men har ikke fået disse rettigheder. (0xc0000022)
[1104/144510.204:ERROR:exception_snapshot_win.cc(99)] thread ID 4988 not found in process
[1104/144510.229:ERROR:process_reader_win.cc(123)] NtOpenThread: {Adgang nægtet} En proces har anmodet om adgang til et objekt, men har ikke fået disse rettigheder. (0xc0000022)
[1104/144510.229:ERROR:exception_snapshot_win.cc(99)] thread ID 12888 not found in process
[1104/144612.348:ERROR:process_reader_win.cc(123)] NtOpenThread: {Adgang nægtet} En proces har anmodet om adgang til et objekt, men har ikke fået disse rettigheder. (0xc0000022)
[1104/144612.348:ERROR:exception_snapshot_win.cc(99)] thread ID 13836 not found in process
[1104/144612.364:ERROR:process_reader_win.cc(123)] NtOpenThread: {Adgang nægtet} En proces har anmodet om adgang til et objekt, men har ikke fået disse rettigheder. (0xc0000022)
[1104/144612.364:ERROR:exception_snapshot_win.cc(99)] thread ID 15168 not found in process
[1104/144709.987:ERROR:process_reader_win.cc(123)] NtOpenThread: {Adgang nægtet} En proces har anmodet om adgang til et objekt, men har ikke fået disse rettigheder. (0xc0000022)
[1104/144709.987:ERROR:exception_snapshot_win.cc(99)] thread ID 12260 not found in process
[1104/144710.003:ERROR:process_reader_win.cc(123)] NtOpenThread: {Adgang nægtet} En proces har anmodet om adgang til et objekt, men har ikke fået disse rettigheder. (0xc0000022)
[1104/144710.003:ERROR:exception_snapshot_win.cc(99)] thread ID 6808 not found in process
[1104/145011.635:ERROR:process_reader_win.cc(151)] SuspendThread: Adgang nægtet. (0x5)
[1104/145011.635:ERROR:process_reader_win.cc(151)] SuspendThread: Adgang nægtet. (0x5)
[1104/145011.635:ERROR:process_reader_win.cc(151)] SuspendThread: Adgang nægtet. (0x5)
[1104/145011.635:ERROR:process_reader_win.cc(151)] SuspendThread: Adgang nægtet. (0x5)
[1104/145011.635:ERROR:process_reader_win.cc(123)] NtOpenThread: {Adgang nægtet} En proces har anmodet om adgang til et objekt, men har ikke fået disse rettigheder. (0xc0000022)
[1104/145011.635:ERROR:exception_snapshot_win.cc(99)] thread ID 9836 not found in process
[1104/145011.635:ERROR:process_reader_win.cc(151)] SuspendThread: Adgang nægtet. (0x5)
[1104/145011.635:ERROR:process_reader_win.cc(151)] SuspendThread: Adgang nægtet. (0x5)
[1104/145011.635:ERROR:process_reader_win.cc(151)] SuspendThread: Adgang nægtet. (0x5)
[1104/145011.635:ERROR:process_reader_win.cc(151)] SuspendThread: Adgang nægtet. (0x5)
[1104/145011.635:ERROR:process_reader_win.cc(151)] SuspendThread: Adgang nægtet. (0x5)
[1104/145011.635:ERROR:process_reader_win.cc(151)] SuspendThread: Adgang nægtet. (0x5)
[1104/145011.635:ERROR:process_reader_win.cc(151)] SuspendThread: Adgang nægtet. (0x5)
[1104/145011.635:ERROR:process_reader_win.cc(151)] SuspendThread: Adgang nægtet. (0x5)
[1104/145011.635:ERROR:process_reader_win.cc(151)] SuspendThread: Adgang nægtet. (0x5)
[1104/145011.635:ERROR:process_reader_win.cc(151)] SuspendThread: Adgang nægtet. (0x5)
[1104/145011.635:ERROR:process_reader_win.cc(151)] SuspendThread: Adgang nægtet. (0x5)
[1104/145011.635:ERROR:process_reader_win.cc(151)] SuspendThread: Adgang nægtet. (0x5)
[1104/145011.635:ERROR:process_reader_win.cc(123)] NtOpenThread: {Adgang nægtet} En proces har anmodet om adgang til et objekt, men har ikke fået disse rettigheder. (0xc0000022)
[1104/145011.635:ERROR:process_reader_win.cc(151)] SuspendThread: Adgang nægtet. (0x5)
[1104/145011.635:ERROR:exception_snapshot_win.cc(99)] thread ID 236 not found in process
[1104/145011.635:ERROR:process_reader_win.cc(151)] SuspendThread: Adgang nægtet. (0x5)
[1104/145011.635:ERROR:process_reader_win.cc(151)] SuspendThread: Adgang nægtet. (0x5)
[1104/145011.635:ERROR:process_reader_win.cc(123)] NtOpenThread: {Adgang nægtet} En proces har anmodet om adgang til et objekt, men har ikke fået disse rettigheder. (0xc0000022)
[1104/145011.635:ERROR:exception_snapshot_win.cc(99)] thread ID 6560 not found in process
[1104/145011.651:ERROR:process_reader_win.cc(151)] SuspendThread: Adgang nægtet. (0x5)
[1104/145011.651:ERROR:process_reader_win.cc(151)] SuspendThread: Adgang nægtet. (0x5)
[1104/145011.651:ERROR:process_reader_win.cc(151)] SuspendThread: Adgang nægtet. (0x5)
[1104/145011.651:ERROR:process_reader_win.cc(123)] NtOpenThread: {Adgang nægtet} En proces har anmodet om adgang til et objekt, men har ikke fået disse rettigheder. (0xc0000022)
[1104/145011.651:ERROR:process_reader_win.cc(123)] NtOpenThread: {Adgang nægtet} En proces har anmodet om adgang til et objekt, men har ikke fået disse rettigheder. (0xc0000022)
[1104/145011.651:ERROR:exception_snapshot_win.cc(99)] thread ID 11416 not found in process
[1104/145011.651:ERROR:exception_snapshot_win.cc(99)] thread ID 15288 not found in process
[1104/145011.651:ERROR:process_reader_win.cc(123)] NtOpenThread: {Adgang nægtet} En proces har anmodet om adgang til et objekt, men har ikke fået disse rettigheder. (0xc0000022)
[1104/145011.651:ERROR:exception_snapshot_win.cc(99)] thread ID 14436 not found in process
[1104/145011.651:ERROR:process_reader_win.cc(123)] NtOpenThread: {Adgang nægtet} En proces har anmodet om adgang til et objekt, men har ikke fået disse rettigheder. (0xc0000022)
[1104/145011.651:ERROR:exception_snapshot_win.cc(99)] thread ID 9416 not found in process
[1104/145148.438:ERROR:process_reader_win.cc(123)] NtOpenThread: {Adgang nægtet} En proces har anmodet om adgang til et objekt, men har ikke fået disse rettigheder. (0xc0000022)
[1104/145148.438:ERROR:exception_snapshot_win.cc(99)] thread ID 14456 not found in process
[1104/145148.454:ERROR:process_reader_win.cc(123)] NtOpenThread: {Adgang nægtet} En proces har anmodet om adgang til et objekt, men har ikke fået disse rettigheder. (0xc0000022)
[1104/145148.454:ERROR:exception_snapshot_win.cc(99)] thread ID 14412 not found in process
